17-10-19T20:43:35.002 [main] DEBUG org.cts.oneframework.configprovider.ConfigProvider - Reading configuration from properties file--> [KlovReport:false]
17-10-19T20:43:35.726 [main] DEBUG org.cts.oneframework.configprovider.ConfigProvider - Reading configuration from properties file--> [browser:chrome]
17-10-19T20:43:35.729 [main] WARN  org.cts.oneframework.configprovider.ConfigProvider - Not able to read value from properties file-->[SeleniumGrid:null]
17-10-19T20:43:35.730 [main] DEBUG org.cts.oneframework.configprovider.ConfigProvider - Reading configuration from properties file--> [browser:chrome]
17-10-19T20:43:35.731 [main] DEBUG org.cts.oneframework.configprovider.ConfigProvider - Reading configuration from properties file as integer--> [chrome.version:70]
17-10-19T20:43:35.752 [main] WARN  org.cts.oneframework.listeners.TestListener - runScenario failed.
17-10-19T20:43:35.875 [main] DEBUG org.cts.oneframework.configprovider.ConfigProvider - Reading configuration from properties file--> [browser:chrome]
17-10-19T20:43:35.876 [main] DEBUG org.cts.oneframework.configprovider.ConfigProvider - Reading configuration from properties file--> [browser:chrome]
17-10-19T20:43:35.877 [main] DEBUG org.cts.oneframework.configprovider.ConfigProvider - Reading configuration from properties file as integer--> [chrome.version:70]
17-10-19T20:43:35.878 [main] WARN  org.cts.oneframework.listeners.TestListener - runScenario failed.
17-10-19T20:43:35.937 [main] DEBUG org.cts.oneframework.configprovider.ConfigProvider - Reading configuration from properties file--> [browser:chrome]
17-10-19T20:43:35.939 [main] DEBUG org.cts.oneframework.configprovider.ConfigProvider - Reading configuration from properties file--> [browser:chrome]
17-10-19T20:43:35.940 [main] DEBUG org.cts.oneframework.configprovider.ConfigProvider - Reading configuration from properties file as integer--> [chrome.version:70]
17-10-19T20:43:35.942 [main] WARN  org.cts.oneframework.listeners.TestListener - runScenario failed.
17-10-19T20:46:09.484 [main] DEBUG org.cts.oneframework.configprovider.ConfigProvider - Reading configuration from properties file--> [KlovReport:false]
17-10-19T20:46:10.196 [main] DEBUG org.cts.oneframework.configprovider.ConfigProvider - Reading configuration from properties file--> [browser:chrome]
17-10-19T20:46:10.199 [main] WARN  org.cts.oneframework.configprovider.ConfigProvider - Not able to read value from properties file-->[SeleniumGrid:null]
17-10-19T20:46:10.200 [main] DEBUG org.cts.oneframework.configprovider.ConfigProvider - Reading configuration from properties file--> [browser:chrome]
17-10-19T20:46:10.200 [main] DEBUG org.cts.oneframework.configprovider.ConfigProvider - Reading configuration from properties file as integer--> [chrome.version:70]
17-10-19T20:46:10.222 [main] WARN  org.cts.oneframework.listeners.TestListener - runScenario failed.
17-10-19T20:46:10.323 [main] DEBUG org.cts.oneframework.configprovider.ConfigProvider - Reading configuration from properties file--> [browser:chrome]
17-10-19T20:46:10.324 [main] DEBUG org.cts.oneframework.configprovider.ConfigProvider - Reading configuration from properties file--> [browser:chrome]
17-10-19T20:46:10.325 [main] DEBUG org.cts.oneframework.configprovider.ConfigProvider - Reading configuration from properties file as integer--> [chrome.version:70]
17-10-19T20:46:10.326 [main] WARN  org.cts.oneframework.listeners.TestListener - runScenario failed.
17-10-19T20:46:10.375 [main] DEBUG org.cts.oneframework.configprovider.ConfigProvider - Reading configuration from properties file--> [browser:chrome]
17-10-19T20:46:10.376 [main] DEBUG org.cts.oneframework.configprovider.ConfigProvider - Reading configuration from properties file--> [browser:chrome]
17-10-19T20:46:10.376 [main] DEBUG org.cts.oneframework.configprovider.ConfigProvider - Reading configuration from properties file as integer--> [chrome.version:70]
17-10-19T20:46:10.377 [main] WARN  org.cts.oneframework.listeners.TestListener - runScenario failed.
17-10-19T20:48:05.853 [main] DEBUG org.cts.oneframework.configprovider.ConfigProvider - Reading configuration from properties file--> [KlovReport:false]
17-10-19T20:48:06.411 [main] DEBUG org.cts.oneframework.configprovider.ConfigProvider - Reading configuration from properties file--> [browser:chrome]
17-10-19T20:48:06.414 [main] WARN  org.cts.oneframework.configprovider.ConfigProvider - Not able to read value from properties file-->[SeleniumGrid:null]
17-10-19T20:48:06.415 [main] DEBUG org.cts.oneframework.configprovider.ConfigProvider - Reading configuration from properties file--> [browser:chrome]
17-10-19T20:48:06.416 [main] DEBUG org.cts.oneframework.configprovider.ConfigProvider - Reading configuration from properties file as integer--> [chrome.version:70]
17-10-19T20:48:06.427 [main] WARN  org.cts.oneframework.listeners.TestListener - runScenario failed.
17-10-19T20:49:33.564 [main] DEBUG org.cts.oneframework.configprovider.ConfigProvider - Reading configuration from properties file--> [KlovReport:false]
17-10-19T20:49:34.142 [main] DEBUG org.cts.oneframework.configprovider.ConfigProvider - Reading configuration from properties file--> [browser:chrome]
17-10-19T20:49:34.145 [main] WARN  org.cts.oneframework.configprovider.ConfigProvider - Not able to read value from properties file-->[SeleniumGrid:null]
17-10-19T20:49:34.146 [main] DEBUG org.cts.oneframework.configprovider.ConfigProvider - Reading configuration from properties file--> [browser:chrome]
17-10-19T20:49:34.147 [main] DEBUG org.cts.oneframework.configprovider.ConfigProvider - Reading configuration from properties file as integer--> [chrome.version:76]
17-10-19T20:49:34.158 [main] WARN  org.cts.oneframework.listeners.TestListener - runScenario failed.
17-10-19T20:50:55.284 [main] DEBUG org.cts.oneframework.configprovider.ConfigProvider - Reading configuration from properties file--> [KlovReport:false]
17-10-19T20:50:56.036 [main] DEBUG org.cts.oneframework.configprovider.ConfigProvider - Reading configuration from properties file--> [browser:chrome]
17-10-19T20:50:56.043 [main] WARN  org.cts.oneframework.configprovider.ConfigProvider - Not able to read value from properties file-->[SeleniumGrid:null]
17-10-19T20:50:56.044 [main] DEBUG org.cts.oneframework.configprovider.ConfigProvider - Reading configuration from properties file--> [browser:chrome]
17-10-19T20:50:56.044 [main] DEBUG org.cts.oneframework.configprovider.ConfigProvider - Reading configuration from properties file as integer--> [chrome.version:76]
17-10-19T20:50:56.063 [main] WARN  org.cts.oneframework.listeners.TestListener - runScenario failed.
17-10-19T20:52:15.650 [main] DEBUG org.cts.oneframework.configprovider.ConfigProvider - Reading configuration from properties file--> [KlovReport:false]
17-10-19T20:52:16.364 [main] DEBUG org.cts.oneframework.configprovider.ConfigProvider - Reading configuration from properties file--> [browser:chrome]
17-10-19T20:52:16.367 [main] WARN  org.cts.oneframework.configprovider.ConfigProvider - Not able to read value from properties file-->[SeleniumGrid:null]
17-10-19T20:52:16.368 [main] DEBUG org.cts.oneframework.configprovider.ConfigProvider - Reading configuration from properties file--> [browser:chrome]
17-10-19T20:52:16.369 [main] DEBUG org.cts.oneframework.configprovider.ConfigProvider - Reading configuration from properties file as integer--> [chrome.version:76]
17-10-19T20:52:16.389 [main] WARN  org.cts.oneframework.listeners.TestListener - runScenario failed.
17-10-19T22:07:26.992 [main] DEBUG org.cts.oneframework.configprovider.ConfigProvider - Reading configuration from properties file--> [KlovReport:false]
17-10-19T22:07:27.789 [main] DEBUG org.cts.oneframework.configprovider.ConfigProvider - Reading configuration from properties file--> [browser:chrome]
17-10-19T22:07:27.793 [main] WARN  org.cts.oneframework.configprovider.ConfigProvider - Not able to read value from properties file-->[SeleniumGrid:null]
17-10-19T22:07:27.795 [main] DEBUG org.cts.oneframework.configprovider.ConfigProvider - Reading configuration from properties file--> [browser:chrome]
17-10-19T22:07:27.796 [main] DEBUG org.cts.oneframework.configprovider.ConfigProvider - Reading configuration from properties file as integer--> [chrome.version:76]
17-10-19T22:07:27.814 [main] WARN  org.cts.oneframework.listeners.TestListener - runScenario failed.
17-10-19T22:36:33.046 [main] DEBUG org.cts.oneframework.configprovider.ConfigProvider - Reading configuration from properties file--> [KlovReport:false]
17-10-19T22:36:33.623 [main] DEBUG org.cts.oneframework.configprovider.ConfigProvider - Reading configuration from properties file--> [browser:chrome]
17-10-19T22:36:33.627 [main] WARN  org.cts.oneframework.configprovider.ConfigProvider - Not able to read value from properties file-->[SeleniumGrid:null]
17-10-19T22:36:33.628 [main] DEBUG org.cts.oneframework.configprovider.ConfigProvider - Reading configuration from properties file--> [browser:chrome]
17-10-19T22:36:33.628 [main] DEBUG org.cts.oneframework.configprovider.ConfigProvider - Reading configuration from properties file as integer--> [chrome.version:76]
17-10-19T22:36:33.649 [main] WARN  org.cts.oneframework.listeners.TestListener - runScenario failed.
17-10-19T22:47:31.267 [main] DEBUG org.cts.oneframework.configprovider.ConfigProvider - Reading configuration from properties file--> [KlovReport:false]
17-10-19T22:47:31.997 [main] DEBUG org.cts.oneframework.configprovider.ConfigProvider - Reading configuration from properties file--> [browser:chrome]
17-10-19T22:47:32.001 [main] WARN  org.cts.oneframework.configprovider.ConfigProvider - Not able to read value from properties file-->[SeleniumGrid:null]
17-10-19T22:47:32.002 [main] WARN  org.cts.oneframework.listeners.TestListener - runScenario failed.
17-10-19T22:49:32.079 [main] DEBUG org.cts.oneframework.configprovider.ConfigProvider - Reading configuration from properties file--> [KlovReport:false]
17-10-19T22:49:38.823 [main] DEBUG org.cts.oneframework.configprovider.ConfigProvider - Reading configuration from properties file--> [browser:chrome]
17-10-19T22:49:50.083 [main] WARN  org.cts.oneframework.configprovider.ConfigProvider - Not able to read value from properties file-->[SeleniumGrid:null]
17-10-19T22:55:54.446 [main] DEBUG org.cts.oneframework.configprovider.ConfigProvider - Reading configuration from properties file--> [KlovReport:false]
17-10-19T22:55:55.004 [main] DEBUG org.cts.oneframework.configprovider.ConfigProvider - Reading configuration from properties file--> [browser:chrome]
17-10-19T22:55:55.009 [main] WARN  org.cts.oneframework.configprovider.ConfigProvider - Not able to read value from properties file-->[SeleniumGrid:null]
17-10-19T22:57:49.114 [main] DEBUG org.cts.oneframework.configprovider.ConfigProvider - Reading configuration from properties file--> [KlovReport:false]
17-10-19T22:57:57.509 [main] DEBUG org.cts.oneframework.configprovider.ConfigProvider - Reading configuration from properties file--> [browser:chrome]
17-10-19T22:58:01.045 [main] WARN  org.cts.oneframework.configprovider.ConfigProvider - Not able to read value from properties file-->[SeleniumGrid:null]
17-10-19T23:03:05.221 [main] DEBUG org.cts.oneframework.configprovider.ConfigProvider - Reading configuration from properties file--> [browser:chrome]
17-10-19T23:07:27.137 [main] DEBUG org.cts.oneframework.configprovider.ConfigProvider - Reading configuration from properties file--> [KlovReport:false]
17-10-19T23:07:27.719 [main] DEBUG org.cts.oneframework.configprovider.ConfigProvider - Reading configuration from properties file--> [browser:chrome]
17-10-19T23:07:27.721 [main] WARN  org.cts.oneframework.configprovider.ConfigProvider - Not able to read value from properties file-->[SeleniumGrid:null]
17-10-19T23:07:35.842 [main] WARN  org.cts.oneframework.listeners.TestListener - runScenario failed.
17-10-19T23:08:25.134 [main] DEBUG org.cts.oneframework.configprovider.ConfigProvider - Reading configuration from properties file--> [KlovReport:false]
17-10-19T23:08:25.707 [main] DEBUG org.cts.oneframework.configprovider.ConfigProvider - Reading configuration from properties file--> [browser:chrome]
17-10-19T23:08:25.710 [main] WARN  org.cts.oneframework.configprovider.ConfigProvider - Not able to read value from properties file-->[SeleniumGrid:null]
17-10-19T23:08:33.513 [main] WARN  org.cts.oneframework.listeners.TestListener - runScenario failed.
17-10-19T23:10:39.609 [main] DEBUG org.cts.oneframework.configprovider.ConfigProvider - Reading configuration from properties file--> [KlovReport:false]
17-10-19T23:10:40.191 [main] DEBUG org.cts.oneframework.configprovider.ConfigProvider - Reading configuration from properties file--> [browser:chrome]
17-10-19T23:10:40.193 [main] WARN  org.cts.oneframework.configprovider.ConfigProvider - Not able to read value from properties file-->[SeleniumGrid:null]
17-10-19T23:10:48.403 [main] DEBUG org.cts.oneframework.configprovider.ConfigProvider - Reading configuration from properties file--> [url:https://www.redbus.in/]
17-10-19T23:10:50.433 [main] WARN  org.cts.oneframework.listeners.TestListener - runScenario failed.
17-10-19T23:11:52.387 [main] DEBUG org.cts.oneframework.configprovider.ConfigProvider - Reading configuration from properties file--> [KlovReport:false]
17-10-19T23:11:53.040 [main] DEBUG org.cts.oneframework.configprovider.ConfigProvider - Reading configuration from properties file--> [browser:chrome]
17-10-19T23:11:53.044 [main] WARN  org.cts.oneframework.configprovider.ConfigProvider - Not able to read value from properties file-->[SeleniumGrid:null]
17-10-19T23:12:01.456 [main] DEBUG org.cts.oneframework.configprovider.ConfigProvider - Reading configuration from properties file--> [url:https://www.redbus.in/]
17-10-19T23:12:03.480 [main] WARN  org.cts.oneframework.listeners.TestListener - runScenario failed.
17-10-19T23:13:14.772 [main] DEBUG org.cts.oneframework.configprovider.ConfigProvider - Reading configuration from properties file--> [KlovReport:false]
17-10-19T23:17:11.250 [main] DEBUG org.cts.oneframework.configprovider.ConfigProvider - Reading configuration from properties file--> [browser:chrome]
17-10-19T23:17:13.609 [main] WARN  org.cts.oneframework.configprovider.ConfigProvider - Not able to read value from properties file-->[SeleniumGrid:null]
17-10-19T23:23:23.236 [main] DEBUG org.cts.oneframework.configprovider.ConfigProvider - Reading configuration from properties file--> [KlovReport:false]
17-10-19T23:23:23.798 [main] DEBUG org.cts.oneframework.configprovider.ConfigProvider - Reading configuration from properties file--> [browser:chrome]
17-10-19T23:23:23.801 [main] WARN  org.cts.oneframework.configprovider.ConfigProvider - Not able to read value from properties file-->[SeleniumGrid:null]
17-10-19T23:23:32.065 [main] DEBUG org.cts.oneframework.configprovider.ConfigProvider - Reading configuration from properties file--> [url:https://www.redbus.in/]
17-10-19T23:23:34.111 [main] WARN  org.cts.oneframework.listeners.TestListener - runScenario failed.
17-10-19T23:41:16.011 [main] DEBUG org.cts.oneframework.configprovider.ConfigProvider - Reading configuration from properties file--> [KlovReport:false]
17-10-19T23:41:16.775 [main] DEBUG org.cts.oneframework.configprovider.ConfigProvider - Reading configuration from properties file--> [browser:chrome]
17-10-19T23:41:16.778 [main] WARN  org.cts.oneframework.configprovider.ConfigProvider - Not able to read value from properties file-->[SeleniumGrid:null]
17-10-19T23:41:25.188 [main] DEBUG org.cts.oneframework.configprovider.ConfigProvider - Reading configuration from properties file--> [url:https://www.redbus.in/]
17-10-19T23:41:27.222 [main] WARN  org.cts.oneframework.listeners.TestListener - runScenario failed.
17-10-19T23:45:43.113 [main] DEBUG org.cts.oneframework.configprovider.ConfigProvider - Reading configuration from properties file--> [KlovReport:false]
17-10-19T23:45:43.852 [main] DEBUG org.cts.oneframework.configprovider.ConfigProvider - Reading configuration from properties file--> [browser:chrome]
17-10-19T23:45:43.855 [main] WARN  org.cts.oneframework.configprovider.ConfigProvider - Not able to read value from properties file-->[SeleniumGrid:null]
17-10-19T23:45:53.075 [main] DEBUG org.cts.oneframework.configprovider.ConfigProvider - Reading configuration from properties file--> [url:https://www.redbus.in/]
17-10-19T23:45:55.103 [main] WARN  org.cts.oneframework.listeners.TestListener - runScenario failed.
17-10-19T23:47:22.020 [main] DEBUG org.cts.oneframework.configprovider.ConfigProvider - Reading configuration from properties file--> [KlovReport:false]
17-10-19T23:47:22.591 [main] DEBUG org.cts.oneframework.configprovider.ConfigProvider - Reading configuration from properties file--> [browser:chrome]
17-10-19T23:47:22.594 [main] WARN  org.cts.oneframework.configprovider.ConfigProvider - Not able to read value from properties file-->[SeleniumGrid:null]
17-10-19T23:47:30.431 [main] DEBUG org.cts.oneframework.configprovider.ConfigProvider - Reading configuration from properties file--> [url:https://www.redbus.in/]
17-10-19T23:47:32.457 [main] WARN  org.cts.oneframework.listeners.TestListener - runScenario failed.
17-10-19T23:48:05.393 [main] DEBUG org.cts.oneframework.configprovider.ConfigProvider - Reading configuration from properties file--> [KlovReport:false]
17-10-19T23:48:05.977 [main] DEBUG org.cts.oneframework.configprovider.ConfigProvider - Reading configuration from properties file--> [browser:chrome]
17-10-19T23:48:05.980 [main] WARN  org.cts.oneframework.configprovider.ConfigProvider - Not able to read value from properties file-->[SeleniumGrid:null]
17-10-19T23:49:41.455 [main] DEBUG org.cts.oneframework.configprovider.ConfigProvider - Reading configuration from properties file--> [KlovReport:false]
17-10-19T23:49:42.064 [main] DEBUG org.cts.oneframework.configprovider.ConfigProvider - Reading configuration from properties file--> [browser:chrome]
17-10-19T23:49:42.066 [main] WARN  org.cts.oneframework.configprovider.ConfigProvider - Not able to read value from properties file-->[SeleniumGrid:null]
17-10-19T23:49:53.370 [main] DEBUG org.cts.oneframework.configprovider.ConfigProvider - Reading configuration from properties file--> [url:https://www.redbus.in/]
17-10-19T23:49:55.163 [main] WARN  org.cts.oneframework.listeners.TestListener - runScenario failed.
17-10-19T23:51:00.285 [main] DEBUG org.cts.oneframework.configprovider.ConfigProvider - Reading configuration from properties file--> [KlovReport:false]
17-10-19T23:51:00.843 [main] DEBUG org.cts.oneframework.configprovider.ConfigProvider - Reading configuration from properties file--> [browser:chrome]
17-10-19T23:51:00.846 [main] WARN  org.cts.oneframework.configprovider.ConfigProvider - Not able to read value from properties file-->[SeleniumGrid:null]
17-10-19T23:51:08.619 [main] DEBUG org.cts.oneframework.configprovider.ConfigProvider - Reading configuration from properties file--> [url:https://www.redbus.in/]
17-10-19T23:51:10.646 [main] INFO  org.cts.oneframewok.seleniumadapter.drivers.ChromeDriverManager - Stopping the chrome driver service.
17-10-19T23:51:10.648 [main] WARN  org.cts.oneframework.listeners.TestListener - runScenario failed.
18-10-19T00:01:56.841 [main] DEBUG org.cts.oneframework.configprovider.ConfigProvider - Reading configuration from properties file--> [KlovReport:false]
18-10-19T00:01:57.577 [main] DEBUG org.cts.oneframework.configprovider.ConfigProvider - Reading configuration from properties file--> [browser:chrome]
18-10-19T00:01:57.580 [main] WARN  org.cts.oneframework.configprovider.ConfigProvider - Not able to read value from properties file-->[SeleniumGrid:null]
18-10-19T00:02:05.658 [main] DEBUG org.cts.oneframework.configprovider.ConfigProvider - Reading configuration from properties file--> [url:https://www.redbus.in/]
18-10-19T00:02:07.964 [main] INFO  org.cts.oneframewok.seleniumadapter.drivers.ChromeDriverManager - Stopping the chrome driver service.
18-10-19T00:02:07.967 [main] WARN  org.cts.oneframework.listeners.TestListener - runScenario failed.
18-10-19T00:10:38.410 [main] DEBUG org.cts.oneframework.configprovider.ConfigProvider - Reading configuration from properties file--> [KlovReport:false]
18-10-19T00:10:39.145 [main] DEBUG org.cts.oneframework.configprovider.ConfigProvider - Reading configuration from properties file--> [browser:chrome]
18-10-19T00:10:39.148 [main] WARN  org.cts.oneframework.configprovider.ConfigProvider - Not able to read value from properties file-->[SeleniumGrid:null]
18-10-19T00:10:48.913 [main] DEBUG org.cts.oneframework.configprovider.ConfigProvider - Reading configuration from properties file--> [url:https://www.redbus.in/]
18-10-19T00:10:51.316 [main] INFO  org.cts.oneframewok.seleniumadapter.drivers.ChromeDriverManager - Stopping the chrome driver service.
18-10-19T00:10:51.319 [main] WARN  org.cts.oneframework.listeners.TestListener - runScenario failed.
18-10-19T11:51:05.973 [main] DEBUG org.cts.oneframework.configprovider.ConfigProvider - Reading configuration from properties file--> [KlovReport:false]
18-10-19T11:55:46.439 [main] DEBUG org.cts.oneframework.configprovider.ConfigProvider - Reading configuration from properties file--> [browser:chrome]
18-10-19T11:55:46.487 [main] WARN  org.cts.oneframework.configprovider.ConfigProvider - Not able to read value from properties file-->[SeleniumGrid:null]
18-10-19T11:57:20.336 [main] DEBUG org.cts.oneframework.configprovider.ConfigProvider - Reading configuration from properties file--> [url:https://www.redbus.in/]
18-10-19T11:59:06.897 [main] WARN  org.cts.oneframework.listeners.TestListener - runScenario failed.
18-10-19T12:09:41.279 [main] DEBUG org.cts.oneframework.configprovider.ConfigProvider - Reading configuration from properties file--> [KlovReport:false]
18-10-19T12:09:42.035 [main] DEBUG org.cts.oneframework.configprovider.ConfigProvider - Reading configuration from properties file--> [browser:chrome]
18-10-19T12:09:42.038 [main] WARN  org.cts.oneframework.configprovider.ConfigProvider - Not able to read value from properties file-->[SeleniumGrid:null]
18-10-19T12:11:20.056 [main] DEBUG org.cts.oneframework.configprovider.ConfigProvider - Reading configuration from properties file--> [url:https://www.redbus.in/]
18-10-19T12:11:28.115 [main] INFO  org.cts.oneframewok.seleniumadapter.drivers.ChromeDriverManager - Stopping the chrome driver service.
18-10-19T12:11:28.119 [main] WARN  org.cts.oneframework.listeners.TestListener - runScenario failed.
18-10-19T12:20:38.712 [main] DEBUG org.cts.oneframework.configprovider.ConfigProvider - Reading configuration from properties file--> [KlovReport:false]
18-10-19T12:20:39.459 [main] DEBUG org.cts.oneframework.configprovider.ConfigProvider - Reading configuration from properties file--> [browser:chrome]
18-10-19T12:20:39.462 [main] WARN  org.cts.oneframework.configprovider.ConfigProvider - Not able to read value from properties file-->[SeleniumGrid:null]
18-10-19T12:22:21.775 [main] DEBUG org.cts.oneframework.configprovider.ConfigProvider - Reading configuration from properties file--> [KlovReport:false]
18-10-19T12:22:22.338 [main] DEBUG org.cts.oneframework.configprovider.ConfigProvider - Reading configuration from properties file--> [browser:chrome]
18-10-19T12:22:22.341 [main] WARN  org.cts.oneframework.configprovider.ConfigProvider - Not able to read value from properties file-->[SeleniumGrid:null]
18-10-19T12:24:02.509 [main] DEBUG org.cts.oneframework.configprovider.ConfigProvider - Reading configuration from properties file--> [KlovReport:false]
18-10-19T12:24:03.090 [main] DEBUG org.cts.oneframework.configprovider.ConfigProvider - Reading configuration from properties file--> [browser:chrome]
18-10-19T12:24:03.093 [main] WARN  org.cts.oneframework.configprovider.ConfigProvider - Not able to read value from properties file-->[SeleniumGrid:null]
18-10-19T12:27:20.945 [main] DEBUG org.cts.oneframework.configprovider.ConfigProvider - Reading configuration from properties file--> [KlovReport:false]
18-10-19T12:27:21.509 [main] DEBUG org.cts.oneframework.configprovider.ConfigProvider - Reading configuration from properties file--> [browser:chrome]
18-10-19T12:27:21.512 [main] WARN  org.cts.oneframework.configprovider.ConfigProvider - Not able to read value from properties file-->[SeleniumGrid:null]
18-10-19T12:28:55.985 [main] DEBUG org.cts.oneframework.configprovider.ConfigProvider - Reading configuration from properties file--> [KlovReport:false]
18-10-19T12:28:56.533 [main] DEBUG org.cts.oneframework.configprovider.ConfigProvider - Reading configuration from properties file--> [browser:chrome]
18-10-19T12:28:56.536 [main] WARN  org.cts.oneframework.configprovider.ConfigProvider - Not able to read value from properties file-->[SeleniumGrid:null]
18-10-19T12:52:36.685 [main] DEBUG org.cts.oneframework.configprovider.ConfigProvider - Reading configuration from properties file--> [KlovReport:false]
18-10-19T12:52:37.261 [main] DEBUG org.cts.oneframework.configprovider.ConfigProvider - Reading configuration from properties file--> [browser:chrome]
18-10-19T12:52:37.264 [main] WARN  org.cts.oneframework.configprovider.ConfigProvider - Not able to read value from properties file-->[SeleniumGrid:null]
18-10-19T12:52:45.327 [main] DEBUG org.cts.oneframework.configprovider.ConfigProvider - Reading configuration from properties file--> [url:https://www.redbus.in/]
18-10-19T12:52:47.418 [main] WARN  org.cts.oneframework.listeners.TestListener - runScenario failed.
18-10-19T12:54:13.871 [main] DEBUG org.cts.oneframework.configprovider.ConfigProvider - Reading configuration from properties file--> [KlovReport:false]
18-10-19T12:54:14.468 [main] DEBUG org.cts.oneframework.configprovider.ConfigProvider - Reading configuration from properties file--> [browser:chrome]
18-10-19T12:54:14.471 [main] WARN  org.cts.oneframework.configprovider.ConfigProvider - Not able to read value from properties file-->[SeleniumGrid:null]
18-10-19T12:55:10.805 [main] DEBUG org.cts.oneframework.configprovider.ConfigProvider - Reading configuration from properties file--> [KlovReport:false]
18-10-19T12:55:11.387 [main] DEBUG org.cts.oneframework.configprovider.ConfigProvider - Reading configuration from properties file--> [browser:chrome]
18-10-19T12:55:11.389 [main] WARN  org.cts.oneframework.configprovider.ConfigProvider - Not able to read value from properties file-->[SeleniumGrid:null]
18-10-19T12:55:57.738 [main] DEBUG org.cts.oneframework.configprovider.ConfigProvider - Reading configuration from properties file--> [KlovReport:false]
18-10-19T12:55:58.306 [main] DEBUG org.cts.oneframework.configprovider.ConfigProvider - Reading configuration from properties file--> [browser:chrome]
18-10-19T12:55:58.308 [main] WARN  org.cts.oneframework.configprovider.ConfigProvider - Not able to read value from properties file-->[SeleniumGrid:null]
18-10-19T12:58:24.670 [main] DEBUG org.cts.oneframework.configprovider.ConfigProvider - Reading configuration from properties file--> [KlovReport:false]
18-10-19T12:58:25.294 [main] DEBUG org.cts.oneframework.configprovider.ConfigProvider - Reading configuration from properties file--> [browser:chrome]
18-10-19T12:58:25.298 [main] WARN  org.cts.oneframework.configprovider.ConfigProvider - Not able to read value from properties file-->[SeleniumGrid:null]
18-10-19T12:58:32.879 [main] DEBUG org.cts.oneframework.configprovider.ConfigProvider - Reading configuration from properties file--> [url:https://www.redbus.in/]
18-10-19T12:58:39.949 [main] WARN  org.cts.oneframework.listeners.TestListener - runScenario failed.
18-10-19T13:06:22.846 [main] DEBUG org.cts.oneframework.configprovider.ConfigProvider - Reading configuration from properties file--> [KlovReport:false]
18-10-19T13:06:23.595 [main] DEBUG org.cts.oneframework.configprovider.ConfigProvider - Reading configuration from properties file--> [browser:chrome]
18-10-19T13:06:23.598 [main] WARN  org.cts.oneframework.configprovider.ConfigProvider - Not able to read value from properties file-->[SeleniumGrid:null]
18-10-19T13:06:37.745 [main] DEBUG org.cts.oneframework.configprovider.ConfigProvider - Reading configuration from properties file--> [url:https://www.redbus.in/]
18-10-19T13:06:55.559 [main] WARN  org.cts.oneframework.listeners.TestListener - runScenario failed.
18-10-19T13:08:24.355 [main] DEBUG org.cts.oneframework.configprovider.ConfigProvider - Reading configuration from properties file--> [KlovReport:false]
18-10-19T13:08:25.099 [main] DEBUG org.cts.oneframework.configprovider.ConfigProvider - Reading configuration from properties file--> [browser:chrome]
18-10-19T13:08:25.102 [main] WARN  org.cts.oneframework.configprovider.ConfigProvider - Not able to read value from properties file-->[SeleniumGrid:null]
18-10-19T13:08:38.963 [main] DEBUG org.cts.oneframework.configprovider.ConfigProvider - Reading configuration from properties file--> [url:https://www.redbus.in/]
18-10-19T13:09:55.718 [main] DEBUG org.cts.oneframework.configprovider.ConfigProvider - Reading configuration from properties file--> [KlovReport:false]
18-10-19T13:09:56.500 [main] DEBUG org.cts.oneframework.configprovider.ConfigProvider - Reading configuration from properties file--> [browser:chrome]
18-10-19T13:09:56.503 [main] WARN  org.cts.oneframework.configprovider.ConfigProvider - Not able to read value from properties file-->[SeleniumGrid:null]
18-10-19T13:10:04.212 [main] DEBUG org.cts.oneframework.configprovider.ConfigProvider - Reading configuration from properties file--> [url:https://www.redbus.in/]
18-10-19T13:12:33.236 [main] DEBUG org.cts.oneframework.configprovider.ConfigProvider - Reading configuration from properties file--> [KlovReport:false]
18-10-19T13:12:33.810 [main] DEBUG org.cts.oneframework.configprovider.ConfigProvider - Reading configuration from properties file--> [browser:chrome]
18-10-19T13:12:33.812 [main] WARN  org.cts.oneframework.configprovider.ConfigProvider - Not able to read value from properties file-->[SeleniumGrid:null]
18-10-19T13:12:44.537 [main] DEBUG org.cts.oneframework.configprovider.ConfigProvider - Reading configuration from properties file--> [url:https://www.redbus.in/]
18-10-19T13:13:42.954 [main] WARN  org.cts.oneframework.listeners.TestListener - runScenario failed.
18-10-19T13:16:15.001 [main] DEBUG org.cts.oneframework.configprovider.ConfigProvider - Reading configuration from properties file--> [KlovReport:false]
18-10-19T13:16:15.565 [main] DEBUG org.cts.oneframework.configprovider.ConfigProvider - Reading configuration from properties file--> [browser:chrome]
18-10-19T13:16:15.566 [main] WARN  org.cts.oneframework.configprovider.ConfigProvider - Not able to read value from properties file-->[SeleniumGrid:null]
18-10-19T13:16:23.014 [main] DEBUG org.cts.oneframework.configprovider.ConfigProvider - Reading configuration from properties file--> [url:https://www.redbus.in/]
18-10-19T13:17:26.343 [main] WARN  org.cts.oneframework.listeners.TestListener - runScenario failed.
18-10-19T13:25:33.729 [main] DEBUG org.cts.oneframework.configprovider.ConfigProvider - Reading configuration from properties file--> [KlovReport:false]
18-10-19T13:25:34.479 [main] DEBUG org.cts.oneframework.configprovider.ConfigProvider - Reading configuration from properties file--> [browser:chrome]
18-10-19T13:25:34.482 [main] WARN  org.cts.oneframework.configprovider.ConfigProvider - Not able to read value from properties file-->[SeleniumGrid:null]
18-10-19T13:26:41.492 [main] DEBUG org.cts.oneframework.configprovider.ConfigProvider - Reading configuration from properties file--> [KlovReport:false]
18-10-19T13:26:42.050 [main] DEBUG org.cts.oneframework.configprovider.ConfigProvider - Reading configuration from properties file--> [browser:chrome]
18-10-19T13:26:42.053 [main] WARN  org.cts.oneframework.configprovider.ConfigProvider - Not able to read value from properties file-->[SeleniumGrid:null]
18-10-19T13:28:29.264 [main] DEBUG org.cts.oneframework.configprovider.ConfigProvider - Reading configuration from properties file--> [KlovReport:false]
18-10-19T13:28:29.824 [main] DEBUG org.cts.oneframework.configprovider.ConfigProvider - Reading configuration from properties file--> [browser:chrome]
18-10-19T13:28:29.827 [main] WARN  org.cts.oneframework.configprovider.ConfigProvider - Not able to read value from properties file-->[SeleniumGrid:null]
18-10-19T13:30:12.540 [main] DEBUG org.cts.oneframework.configprovider.ConfigProvider - Reading configuration from properties file--> [KlovReport:false]
18-10-19T13:30:13.097 [main] DEBUG org.cts.oneframework.configprovider.ConfigProvider - Reading configuration from properties file--> [browser:chrome]
18-10-19T13:30:13.100 [main] WARN  org.cts.oneframework.configprovider.ConfigProvider - Not able to read value from properties file-->[SeleniumGrid:null]
18-10-19T13:34:03.462 [main] DEBUG org.cts.oneframework.configprovider.ConfigProvider - Reading configuration from properties file--> [KlovReport:false]
18-10-19T13:34:04.014 [main] DEBUG org.cts.oneframework.configprovider.ConfigProvider - Reading configuration from properties file--> [browser:chrome]
18-10-19T13:34:04.017 [main] WARN  org.cts.oneframework.configprovider.ConfigProvider - Not able to read value from properties file-->[SeleniumGrid:null]
18-10-19T13:34:11.616 [main] DEBUG org.cts.oneframework.configprovider.ConfigProvider - Reading configuration from properties file--> [url:https://www.redbus.in/]
18-10-19T13:35:09.554 [main] WARN  org.cts.oneframework.listeners.TestListener - runScenario failed.
18-10-19T13:41:52.085 [main] DEBUG org.cts.oneframework.configprovider.ConfigProvider - Reading configuration from properties file--> [KlovReport:false]
18-10-19T13:41:52.818 [main] DEBUG org.cts.oneframework.configprovider.ConfigProvider - Reading configuration from properties file--> [browser:chrome]
18-10-19T13:41:52.821 [main] WARN  org.cts.oneframework.configprovider.ConfigProvider - Not able to read value from properties file-->[SeleniumGrid:null]
18-10-19T13:42:03.023 [main] DEBUG org.cts.oneframework.configprovider.ConfigProvider - Reading configuration from properties file--> [url:https://www.redbus.in/]
18-10-19T13:43:03.765 [main] WARN  org.cts.oneframework.listeners.TestListener - runScenario failed.
18-10-19T13:44:12.319 [main] DEBUG org.cts.oneframework.configprovider.ConfigProvider - Reading configuration from properties file--> [KlovReport:false]
18-10-19T13:44:12.885 [main] DEBUG org.cts.oneframework.configprovider.ConfigProvider - Reading configuration from properties file--> [browser:chrome]
18-10-19T13:44:12.887 [main] WARN  org.cts.oneframework.configprovider.ConfigProvider - Not able to read value from properties file-->[SeleniumGrid:null]
18-10-19T13:44:20.571 [main] DEBUG org.cts.oneframework.configprovider.ConfigProvider - Reading configuration from properties file--> [url:https://www.redbus.in/]
18-10-19T13:45:23.865 [main] WARN  org.cts.oneframework.listeners.TestListener - runScenario failed.
18-10-19T13:46:36.581 [main] DEBUG org.cts.oneframework.configprovider.ConfigProvider - Reading configuration from properties file--> [KlovReport:false]
18-10-19T13:46:37.170 [main] DEBUG org.cts.oneframework.configprovider.ConfigProvider - Reading configuration from properties file--> [browser:chrome]
18-10-19T13:46:37.173 [main] WARN  org.cts.oneframework.configprovider.ConfigProvider - Not able to read value from properties file-->[SeleniumGrid:null]
18-10-19T13:46:48.897 [main] DEBUG org.cts.oneframework.configprovider.ConfigProvider - Reading configuration from properties file--> [url:https://www.redbus.in/]
18-10-19T13:47:46.631 [main] WARN  org.cts.oneframework.listeners.TestListener - runScenario failed.
18-10-19T13:48:05.023 [main] DEBUG org.cts.oneframework.configprovider.ConfigProvider - Reading configuration from properties file--> [KlovReport:false]
18-10-19T13:48:05.699 [main] DEBUG org.cts.oneframework.configprovider.ConfigProvider - Reading configuration from properties file--> [browser:chrome]
18-10-19T13:48:05.702 [main] WARN  org.cts.oneframework.configprovider.ConfigProvider - Not able to read value from properties file-->[SeleniumGrid:null]
18-10-19T13:48:18.388 [main] DEBUG org.cts.oneframework.configprovider.ConfigProvider - Reading configuration from properties file--> [url:https://www.redbus.in/]
18-10-19T13:49:46.282 [main] WARN  org.cts.oneframework.listeners.TestListener - runScenario failed.
18-10-19T13:51:25.143 [main] DEBUG org.cts.oneframework.configprovider.ConfigProvider - Reading configuration from properties file--> [KlovReport:false]
18-10-19T13:51:25.712 [main] DEBUG org.cts.oneframework.configprovider.ConfigProvider - Reading configuration from properties file--> [browser:chrome]
18-10-19T13:51:25.715 [main] WARN  org.cts.oneframework.configprovider.ConfigProvider - Not able to read value from properties file-->[SeleniumGrid:null]
18-10-19T13:51:35.183 [main] DEBUG org.cts.oneframework.configprovider.ConfigProvider - Reading configuration from properties file--> [url:https://www.redbus.in/]
18-10-19T13:52:34.062 [main] WARN  org.cts.oneframework.listeners.TestListener - runScenario failed.
18-10-19T13:56:01.381 [main] DEBUG org.cts.oneframework.configprovider.ConfigProvider - Reading configuration from properties file--> [KlovReport:false]
18-10-19T13:56:02.182 [main] DEBUG org.cts.oneframework.configprovider.ConfigProvider - Reading configuration from properties file--> [browser:chrome]
18-10-19T13:56:02.186 [main] WARN  org.cts.oneframework.configprovider.ConfigProvider - Not able to read value from properties file-->[SeleniumGrid:null]
18-10-19T13:57:20.010 [main] DEBUG org.cts.oneframework.configprovider.ConfigProvider - Reading configuration from properties file--> [KlovReport:false]
18-10-19T13:57:20.712 [main] DEBUG org.cts.oneframework.configprovider.ConfigProvider - Reading configuration from properties file--> [browser:chrome]
18-10-19T13:57:20.715 [main] WARN  org.cts.oneframework.configprovider.ConfigProvider - Not able to read value from properties file-->[SeleniumGrid:null]
18-10-19T13:59:41.738 [main] DEBUG org.cts.oneframework.configprovider.ConfigProvider - Reading configuration from properties file--> [KlovReport:false]
18-10-19T13:59:42.407 [main] DEBUG org.cts.oneframework.configprovider.ConfigProvider - Reading configuration from properties file--> [browser:chrome]
18-10-19T13:59:42.411 [main] WARN  org.cts.oneframework.configprovider.ConfigProvider - Not able to read value from properties file-->[SeleniumGrid:null]
18-10-19T13:59:50.856 [main] DEBUG org.cts.oneframework.configprovider.ConfigProvider - Reading configuration from properties file--> [url:https://www.redbus.in/]
18-10-19T14:01:29.559 [main] DEBUG org.cts.oneframework.configprovider.ConfigProvider - Reading configuration from properties file--> [KlovReport:false]
18-10-19T14:01:30.275 [main] DEBUG org.cts.oneframework.configprovider.ConfigProvider - Reading configuration from properties file--> [browser:chrome]
18-10-19T14:01:30.278 [main] WARN  org.cts.oneframework.configprovider.ConfigProvider - Not able to read value from properties file-->[SeleniumGrid:null]
18-10-19T14:01:39.179 [main] DEBUG org.cts.oneframework.configprovider.ConfigProvider - Reading configuration from properties file--> [url:https://www.redbus.in/]
18-10-19T14:03:30.143 [main] DEBUG org.cts.oneframework.configprovider.ConfigProvider - Reading configuration from properties file--> [KlovReport:false]
18-10-19T14:03:30.726 [main] DEBUG org.cts.oneframework.configprovider.ConfigProvider - Reading configuration from properties file--> [browser:chrome]
18-10-19T14:03:30.728 [main] WARN  org.cts.oneframework.configprovider.ConfigProvider - Not able to read value from properties file-->[SeleniumGrid:null]
18-10-19T14:03:39.478 [main] DEBUG org.cts.oneframework.configprovider.ConfigProvider - Reading configuration from properties file--> [url:https://www.redbus.in/]
18-10-19T14:04:34.175 [main] DEBUG org.cts.oneframework.configprovider.ConfigProvider - Reading configuration from properties file--> [KlovReport:false]
18-10-19T14:04:34.731 [main] DEBUG org.cts.oneframework.configprovider.ConfigProvider - Reading configuration from properties file--> [browser:chrome]
18-10-19T14:04:34.733 [main] WARN  org.cts.oneframework.configprovider.ConfigProvider - Not able to read value from properties file-->[SeleniumGrid:null]
18-10-19T14:04:43.837 [main] DEBUG org.cts.oneframework.configprovider.ConfigProvider - Reading configuration from properties file--> [url:https://www.redbus.in/]
18-10-19T14:05:42.146 [main] WARN  org.cts.oneframework.listeners.TestListener - runScenario failed.
18-10-19T14:11:03.301 [main] DEBUG org.cts.oneframework.configprovider.ConfigProvider - Reading configuration from properties file--> [KlovReport:false]
18-10-19T14:11:04.041 [main] DEBUG org.cts.oneframework.configprovider.ConfigProvider - Reading configuration from properties file--> [browser:chrome]
18-10-19T14:11:04.044 [main] WARN  org.cts.oneframework.configprovider.ConfigProvider - Not able to read value from properties file-->[SeleniumGrid:null]
18-10-19T14:11:16.778 [main] DEBUG org.cts.oneframework.configprovider.ConfigProvider - Reading configuration from properties file--> [url:https://www.redbus.in/]
18-10-19T14:12:15.946 [main] WARN  org.cts.oneframework.listeners.TestListener - runScenario failed.
18-10-19T14:13:37.755 [main] DEBUG org.cts.oneframework.configprovider.ConfigProvider - Reading configuration from properties file--> [KlovReport:false]
18-10-19T14:13:38.318 [main] DEBUG org.cts.oneframework.configprovider.ConfigProvider - Reading configuration from properties file--> [browser:chrome]
18-10-19T14:13:38.320 [main] WARN  org.cts.oneframework.configprovider.ConfigProvider - Not able to read value from properties file-->[SeleniumGrid:null]
18-10-19T14:13:46.867 [main] DEBUG org.cts.oneframework.configprovider.ConfigProvider - Reading configuration from properties file--> [url:https://www.redbus.in/]
18-10-19T14:14:48.486 [main] WARN  org.cts.oneframework.listeners.TestListener - runScenario failed.
18-10-19T14:15:46.070 [main] DEBUG org.cts.oneframework.configprovider.ConfigProvider - Reading configuration from properties file--> [KlovReport:false]
18-10-19T14:15:46.626 [main] DEBUG org.cts.oneframework.configprovider.ConfigProvider - Reading configuration from properties file--> [browser:chrome]
18-10-19T14:15:46.629 [main] WARN  org.cts.oneframework.configprovider.ConfigProvider - Not able to read value from properties file-->[SeleniumGrid:null]
18-10-19T14:15:59.971 [main] DEBUG org.cts.oneframework.configprovider.ConfigProvider - Reading configuration from properties file--> [url:https://www.redbus.in/]
18-10-19T14:18:00.689 [main] INFO  org.cts.oneframewok.seleniumadapter.drivers.ChromeDriverManager - Stopping the chrome driver service.
18-10-19T14:18:00.693 [main] WARN  org.cts.oneframework.listeners.TestListener - runScenario failed.
18-10-19T14:19:42.281 [main] DEBUG org.cts.oneframework.configprovider.ConfigProvider - Reading configuration from properties file--> [KlovReport:false]
18-10-19T14:19:42.918 [main] DEBUG org.cts.oneframework.configprovider.ConfigProvider - Reading configuration from properties file--> [browser:chrome]
18-10-19T14:19:42.920 [main] WARN  org.cts.oneframework.configprovider.ConfigProvider - Not able to read value from properties file-->[SeleniumGrid:null]
18-10-19T14:19:53.486 [main] DEBUG org.cts.oneframework.configprovider.ConfigProvider - Reading configuration from properties file--> [url:https://www.redbus.in/]
18-10-19T14:20:18.557 [main] INFO  org.cts.oneframework.listeners.TestListener - runScenario passed successfully!!
18-10-19T14:24:09.476 [main] DEBUG org.cts.oneframework.configprovider.ConfigProvider - Reading configuration from properties file--> [KlovReport:false]
18-10-19T14:24:10.225 [main] DEBUG org.cts.oneframework.configprovider.ConfigProvider - Reading configuration from properties file--> [browser:chrome]
18-10-19T14:24:10.228 [main] WARN  org.cts.oneframework.configprovider.ConfigProvider - Not able to read value from properties file-->[SeleniumGrid:null]
18-10-19T14:24:18.192 [main] DEBUG org.cts.oneframework.configprovider.ConfigProvider - Reading configuration from properties file--> [url:https://www.redbus.in/]
18-10-19T14:24:40.925 [main] WARN  org.cts.oneframework.listeners.TestListener - runScenario failed.
18-10-19T14:26:07.708 [main] DEBUG org.cts.oneframework.configprovider.ConfigProvider - Reading configuration from properties file--> [KlovReport:false]
18-10-19T14:26:08.265 [main] DEBUG org.cts.oneframework.configprovider.ConfigProvider - Reading configuration from properties file--> [browser:chrome]
18-10-19T14:26:08.268 [main] WARN  org.cts.oneframework.configprovider.ConfigProvider - Not able to read value from properties file-->[SeleniumGrid:null]
18-10-19T14:26:18.418 [main] DEBUG org.cts.oneframework.configprovider.ConfigProvider - Reading configuration from properties file--> [url:https://www.redbus.in/]
18-10-19T14:26:32.257 [main] WARN  org.cts.oneframework.listeners.TestListener - runScenario failed.
18-10-19T14:28:04.077 [main] DEBUG org.cts.oneframework.configprovider.ConfigProvider - Reading configuration from properties file--> [KlovReport:false]
18-10-19T14:28:04.624 [main] DEBUG org.cts.oneframework.configprovider.ConfigProvider - Reading configuration from properties file--> [browser:chrome]
18-10-19T14:28:04.627 [main] WARN  org.cts.oneframework.configprovider.ConfigProvider - Not able to read value from properties file-->[SeleniumGrid:null]
18-10-19T14:28:18.207 [main] DEBUG org.cts.oneframework.configprovider.ConfigProvider - Reading configuration from properties file--> [url:https://www.redbus.in/]
18-10-19T14:28:56.082 [main] INFO  org.cts.oneframework.listeners.TestListener - runScenario passed successfully!!
18-10-19T15:11:17.209 [main] DEBUG org.cts.oneframework.configprovider.ConfigProvider - Reading configuration from properties file--> [KlovReport:false]
18-10-19T15:11:17.977 [main] DEBUG org.cts.oneframework.configprovider.ConfigProvider - Reading configuration from properties file--> [browser:chrome]
18-10-19T15:11:17.980 [main] WARN  org.cts.oneframework.configprovider.ConfigProvider - Not able to read value from properties file-->[SeleniumGrid:null]
18-10-19T15:11:31.346 [main] DEBUG org.cts.oneframework.configprovider.ConfigProvider - Reading configuration from properties file--> [url:https://www.redbus.in/]
18-10-19T15:12:04.655 [main] INFO  org.cts.oneframework.listeners.TestListener - runScenario passed successfully!!
18-10-19T15:14:08.743 [main] DEBUG org.cts.oneframework.configprovider.ConfigProvider - Reading configuration from properties file--> [KlovReport:false]
18-10-19T15:14:09.489 [main] DEBUG org.cts.oneframework.configprovider.ConfigProvider - Reading configuration from properties file--> [browser:chrome]
18-10-19T15:14:09.493 [main] WARN  org.cts.oneframework.configprovider.ConfigProvider - Not able to read value from properties file-->[SeleniumGrid:null]
18-10-19T15:14:09.499 [main] WARN  org.cts.oneframework.configprovider.ConfigProvider - Not able to read value from properties file-->[PLATFORM_NAME:null]
18-10-19T15:14:09.499 [main] WARN  org.cts.oneframework.configprovider.ConfigProvider - Not able to read value from properties file-->[DEVICE_NAME:null]
18-10-19T15:14:09.500 [main] WARN  org.cts.oneframework.configprovider.ConfigProvider - Not able to read value from properties file-->[PLATFORM_VERSION:null]
18-10-19T15:14:10.251 [main] WARN  org.cts.oneframework.listeners.TestListener - runScenario failed.
18-10-19T15:18:01.981 [main] DEBUG org.cts.oneframework.configprovider.ConfigProvider - Reading configuration from properties file--> [KlovReport:false]
18-10-19T15:18:02.730 [main] DEBUG org.cts.oneframework.configprovider.ConfigProvider - Reading configuration from properties file--> [browser:chrome]
18-10-19T15:18:02.732 [main] WARN  org.cts.oneframework.configprovider.ConfigProvider - Not able to read value from properties file-->[SeleniumGrid:null]
18-10-19T15:18:02.739 [main] DEBUG org.cts.oneframework.configprovider.ConfigProvider - Reading configuration from properties file--> [PLATFORM_NAME:IOS]
18-10-19T15:18:02.740 [main] DEBUG org.cts.oneframework.configprovider.ConfigProvider - Reading configuration from properties file--> [DEVICE_NAME:iPhone X]
18-10-19T15:18:02.740 [main] DEBUG org.cts.oneframework.configprovider.ConfigProvider - Reading configuration from properties file--> [PLATFORM_VERSION:11.1]
18-10-19T15:18:13.661 [main] DEBUG org.cts.oneframework.configprovider.ConfigProvider - Reading configuration from properties file--> [url:https://www.redbus.in/]
18-10-19T15:18:32.445 [main] WARN  org.cts.oneframework.listeners.TestListener - runScenario failed.
18-10-19T15:19:55.008 [main] DEBUG org.cts.oneframework.configprovider.ConfigProvider - Reading configuration from properties file--> [KlovReport:false]
18-10-19T15:19:55.616 [main] DEBUG org.cts.oneframework.configprovider.ConfigProvider - Reading configuration from properties file--> [browser:chrome]
18-10-19T15:19:55.618 [main] WARN  org.cts.oneframework.configprovider.ConfigProvider - Not able to read value from properties file-->[SeleniumGrid:null]
18-10-19T15:19:55.623 [main] DEBUG org.cts.oneframework.configprovider.ConfigProvider - Reading configuration from properties file--> [PLATFORM_NAME:IOS]
18-10-19T15:19:55.624 [main] DEBUG org.cts.oneframework.configprovider.ConfigProvider - Reading configuration from properties file--> [DEVICE_NAME:iPhone X]
18-10-19T15:19:55.624 [main] DEBUG org.cts.oneframework.configprovider.ConfigProvider - Reading configuration from properties file--> [PLATFORM_VERSION:11.1]
18-10-19T15:20:04.973 [main] DEBUG org.cts.oneframework.configprovider.ConfigProvider - Reading configuration from properties file--> [url:https://www.redbus.in/]
18-10-19T15:20:57.895 [main] INFO  org.cts.oneframework.listeners.TestListener - runScenario passed successfully!!
18-10-19T15:23:55.288 [main] DEBUG org.cts.oneframework.configprovider.ConfigProvider - Reading configuration from properties file--> [KlovReport:false]
18-10-19T15:23:56.034 [main] DEBUG org.cts.oneframework.configprovider.ConfigProvider - Reading configuration from properties file--> [browser:chrome]
18-10-19T15:23:56.037 [main] WARN  org.cts.oneframework.configprovider.ConfigProvider - Not able to read value from properties file-->[SeleniumGrid:null]
18-10-19T15:23:56.044 [main] DEBUG org.cts.oneframework.configprovider.ConfigProvider - Reading configuration from properties file--> [PLATFORM_NAME:IOS]
18-10-19T15:23:56.045 [main] DEBUG org.cts.oneframework.configprovider.ConfigProvider - Reading configuration from properties file--> [DEVICE_NAME:iPhone X]
18-10-19T15:23:56.045 [main] DEBUG org.cts.oneframework.configprovider.ConfigProvider - Reading configuration from properties file--> [PLATFORM_VERSION:11.1]
18-10-19T15:24:05.829 [main] DEBUG org.cts.oneframework.configprovider.ConfigProvider - Reading configuration from properties file--> [url:https://www.redbus.in/]
18-10-19T15:24:59.043 [main] INFO  org.cts.oneframework.listeners.TestListener - runScenario passed successfully!!
18-10-19T15:27:11.447 [main] DEBUG org.cts.oneframework.configprovider.ConfigProvider - Reading configuration from properties file--> [KlovReport:false]
18-10-19T15:27:12.192 [main] DEBUG org.cts.oneframework.configprovider.ConfigProvider - Reading configuration from properties file--> [browser:chrome]
18-10-19T15:27:12.195 [main] WARN  org.cts.oneframework.configprovider.ConfigProvider - Not able to read value from properties file-->[SeleniumGrid:null]
18-10-19T15:27:12.201 [main] DEBUG org.cts.oneframework.configprovider.ConfigProvider - Reading configuration from properties file--> [PLATFORM_NAME:IOS]
18-10-19T15:27:12.202 [main] DEBUG org.cts.oneframework.configprovider.ConfigProvider - Reading configuration from properties file--> [DEVICE_NAME:iPhone X]
18-10-19T15:27:12.202 [main] DEBUG org.cts.oneframework.configprovider.ConfigProvider - Reading configuration from properties file--> [PLATFORM_VERSION:11.1]
18-10-19T15:28:11.158 [main] DEBUG org.cts.oneframework.configprovider.ConfigProvider - Reading configuration from properties file--> [KlovReport:false]
18-10-19T15:28:11.777 [main] DEBUG org.cts.oneframework.configprovider.ConfigProvider - Reading configuration from properties file--> [browser:chrome]
18-10-19T15:28:11.780 [main] WARN  org.cts.oneframework.configprovider.ConfigProvider - Not able to read value from properties file-->[SeleniumGrid:null]
18-10-19T15:28:11.785 [main] DEBUG org.cts.oneframework.configprovider.ConfigProvider - Reading configuration from properties file--> [PLATFORM_NAME:IOS]
18-10-19T15:28:11.786 [main] DEBUG org.cts.oneframework.configprovider.ConfigProvider - Reading configuration from properties file--> [DEVICE_NAME:iPhone X]
18-10-19T15:28:11.787 [main] DEBUG org.cts.oneframework.configprovider.ConfigProvider - Reading configuration from properties file--> [PLATFORM_VERSION:11.1]
18-10-19T15:29:23.633 [main] DEBUG org.cts.oneframework.configprovider.ConfigProvider - Reading configuration from properties file--> [KlovReport:false]
18-10-19T15:29:24.207 [main] DEBUG org.cts.oneframework.configprovider.ConfigProvider - Reading configuration from properties file--> [browser:chrome]
18-10-19T15:29:24.209 [main] WARN  org.cts.oneframework.configprovider.ConfigProvider - Not able to read value from properties file-->[SeleniumGrid:null]
18-10-19T15:29:24.214 [main] DEBUG org.cts.oneframework.configprovider.ConfigProvider - Reading configuration from properties file--> [PLATFORM_NAME:IOS]
18-10-19T15:29:24.215 [main] DEBUG org.cts.oneframework.configprovider.ConfigProvider - Reading configuration from properties file--> [DEVICE_NAME:iPhone X]
18-10-19T15:29:24.215 [main] DEBUG org.cts.oneframework.configprovider.ConfigProvider - Reading configuration from properties file--> [PLATFORM_VERSION:11.1]
18-10-19T15:34:19.325 [main] DEBUG org.cts.oneframework.configprovider.ConfigProvider - Reading configuration from properties file--> [KlovReport:false]
18-10-19T15:34:20.061 [main] DEBUG org.cts.oneframework.configprovider.ConfigProvider - Reading configuration from properties file--> [browser:chrome]
18-10-19T15:34:20.064 [main] WARN  org.cts.oneframework.configprovider.ConfigProvider - Not able to read value from properties file-->[SeleniumGrid:null]
18-10-19T15:34:20.071 [main] DEBUG org.cts.oneframework.configprovider.ConfigProvider - Reading configuration from properties file--> [PLATFORM_NAME:IOS]
18-10-19T15:34:20.071 [main] DEBUG org.cts.oneframework.configprovider.ConfigProvider - Reading configuration from properties file--> [DEVICE_NAME:iPhone X]
18-10-19T15:34:20.072 [main] DEBUG org.cts.oneframework.configprovider.ConfigProvider - Reading configuration from properties file--> [PLATFORM_VERSION:11.1]
18-10-19T15:37:25.939 [main] DEBUG org.cts.oneframework.configprovider.ConfigProvider - Reading configuration from properties file--> [KlovReport:false]
18-10-19T15:37:26.698 [main] DEBUG org.cts.oneframework.configprovider.ConfigProvider - Reading configuration from properties file--> [browser:chrome]
18-10-19T15:37:26.701 [main] WARN  org.cts.oneframework.configprovider.ConfigProvider - Not able to read value from properties file-->[SeleniumGrid:null]
18-10-19T15:37:26.708 [main] DEBUG org.cts.oneframework.configprovider.ConfigProvider - Reading configuration from properties file--> [PLATFORM_NAME:IOS]
18-10-19T15:37:26.709 [main] DEBUG org.cts.oneframework.configprovider.ConfigProvider - Reading configuration from properties file--> [DEVICE_NAME:iPhone X]
18-10-19T15:37:26.709 [main] DEBUG org.cts.oneframework.configprovider.ConfigProvider - Reading configuration from properties file--> [PLATFORM_VERSION:11.1]
18-10-19T15:37:59.259 [main] DEBUG org.cts.oneframework.configprovider.ConfigProvider - Reading configuration from properties file--> [KlovReport:false]
18-10-19T15:37:59.869 [main] DEBUG org.cts.oneframework.configprovider.ConfigProvider - Reading configuration from properties file--> [browser:chrome]
18-10-19T15:37:59.875 [main] WARN  org.cts.oneframework.configprovider.ConfigProvider - Not able to read value from properties file-->[SeleniumGrid:null]
18-10-19T15:37:59.880 [main] DEBUG org.cts.oneframework.configprovider.ConfigProvider - Reading configuration from properties file--> [PLATFORM_NAME:IOS]
18-10-19T15:37:59.880 [main] DEBUG org.cts.oneframework.configprovider.ConfigProvider - Reading configuration from properties file--> [DEVICE_NAME:iPhone X]
18-10-19T15:37:59.881 [main] DEBUG org.cts.oneframework.configprovider.ConfigProvider - Reading configuration from properties file--> [PLATFORM_VERSION:11.1]
18-10-19T15:39:24.709 [main] WARN  org.cts.oneframework.listeners.TestListener - runScenario failed.
18-10-19T15:40:36.226 [main] DEBUG org.cts.oneframework.configprovider.ConfigProvider - Reading configuration from properties file--> [url:https://www.redbus.in/]
18-10-19T15:40:39.122 [main] DEBUG org.cts.oneframework.configprovider.ConfigProvider - Reading configuration from properties file--> [url:https://www.redbus.in/]
18-10-19T15:41:34.161 [main] INFO  org.cts.oneframework.listeners.TestListener - runScenario passed successfully!!
18-10-19T16:53:09.323 [main] DEBUG org.cts.oneframework.configprovider.ConfigProvider - Reading configuration from properties file--> [KlovReport:false]
18-10-19T16:53:10.097 [main] DEBUG org.cts.oneframework.configprovider.ConfigProvider - Reading configuration from properties file--> [browser:chrome]
18-10-19T16:53:10.100 [main] WARN  org.cts.oneframework.configprovider.ConfigProvider - Not able to read value from properties file-->[SeleniumGrid:null]
18-10-19T16:53:10.106 [main] DEBUG org.cts.oneframework.configprovider.ConfigProvider - Reading configuration from properties file--> [PLATFORM_NAME:IOS]
18-10-19T16:53:10.106 [main] DEBUG org.cts.oneframework.configprovider.ConfigProvider - Reading configuration from properties file--> [DEVICE_NAME:iPhone X]
18-10-19T16:53:10.107 [main] DEBUG org.cts.oneframework.configprovider.ConfigProvider - Reading configuration from properties file--> [PLATFORM_VERSION:11.1]
18-10-19T16:53:18.300 [main] DEBUG org.cts.oneframework.configprovider.ConfigProvider - Reading configuration from properties file--> [url:https://www.redbus.in/]
18-10-19T16:53:20.460 [main] DEBUG org.cts.oneframework.configprovider.ConfigProvider - Reading configuration from properties file--> [url:https://www.redbus.in/]
18-10-19T16:54:14.452 [main] INFO  org.cts.oneframewok.seleniumadapter.drivers.ChromeDriverManager - Stopping the chrome driver service.
18-10-19T16:54:14.462 [main] WARN  org.cts.oneframework.listeners.TestListener - runScenario failed.
18-10-19T16:57:15.468 [main] DEBUG org.cts.oneframework.configprovider.ConfigProvider - Reading configuration from properties file--> [KlovReport:false]
18-10-19T16:57:16.225 [main] DEBUG org.cts.oneframework.configprovider.ConfigProvider - Reading configuration from properties file--> [browser:chrome]
18-10-19T16:57:16.228 [main] WARN  org.cts.oneframework.configprovider.ConfigProvider - Not able to read value from properties file-->[SeleniumGrid:null]
18-10-19T16:57:16.234 [main] DEBUG org.cts.oneframework.configprovider.ConfigProvider - Reading configuration from properties file--> [PLATFORM_NAME:IOS]
18-10-19T16:57:16.235 [main] DEBUG org.cts.oneframework.configprovider.ConfigProvider - Reading configuration from properties file--> [DEVICE_NAME:iPhone X]
18-10-19T16:57:16.235 [main] DEBUG org.cts.oneframework.configprovider.ConfigProvider - Reading configuration from properties file--> [PLATFORM_VERSION:11.1]
18-10-19T16:57:24.414 [main] DEBUG org.cts.oneframework.configprovider.ConfigProvider - Reading configuration from properties file--> [url:https://www.redbus.in/]
18-10-19T16:57:32.701 [main] DEBUG org.cts.oneframework.configprovider.ConfigProvider - Reading configuration from properties file--> [url:https://www.redbus.in/]
18-10-19T16:58:30.181 [main] INFO  org.cts.oneframework.listeners.TestListener - runScenario passed successfully!!
18-10-19T17:02:46.296 [main] DEBUG org.cts.oneframework.configprovider.ConfigProvider - Reading configuration from properties file--> [KlovReport:false]
18-10-19T17:02:47.038 [main] DEBUG org.cts.oneframework.configprovider.ConfigProvider - Reading configuration from properties file--> [browser:chrome]
18-10-19T17:02:47.040 [main] WARN  org.cts.oneframework.configprovider.ConfigProvider - Not able to read value from properties file-->[SeleniumGrid:null]
18-10-19T17:02:47.047 [main] DEBUG org.cts.oneframework.configprovider.ConfigProvider - Reading configuration from properties file--> [PLATFORM_NAME:IOS]
18-10-19T17:02:47.048 [main] DEBUG org.cts.oneframework.configprovider.ConfigProvider - Reading configuration from properties file--> [DEVICE_NAME:iPhone X]
18-10-19T17:02:47.048 [main] DEBUG org.cts.oneframework.configprovider.ConfigProvider - Reading configuration from properties file--> [PLATFORM_VERSION:11.1]
18-10-19T17:02:47.071 [main] DEBUG org.cts.oneframework.configprovider.ConfigProvider - Reading configuration from properties file--> [appiumServerURL:http://0.0.0.0:4729/wd/hub]
18-10-19T17:04:12.078 [main] DEBUG org.cts.oneframework.configprovider.ConfigProvider - Reading configuration from properties file--> [KlovReport:false]
18-10-19T17:04:12.757 [main] DEBUG org.cts.oneframework.configprovider.ConfigProvider - Reading configuration from properties file--> [browser:chrome]
18-10-19T17:04:12.760 [main] WARN  org.cts.oneframework.configprovider.ConfigProvider - Not able to read value from properties file-->[SeleniumGrid:null]
18-10-19T17:04:12.767 [main] DEBUG org.cts.oneframework.configprovider.ConfigProvider - Reading configuration from properties file--> [PLATFORM_NAME:IOS]
18-10-19T17:04:12.768 [main] DEBUG org.cts.oneframework.configprovider.ConfigProvider - Reading configuration from properties file--> [DEVICE_NAME:iPhone X]
18-10-19T17:04:12.768 [main] DEBUG org.cts.oneframework.configprovider.ConfigProvider - Reading configuration from properties file--> [PLATFORM_VERSION:11.1]
18-10-19T17:04:12.781 [main] DEBUG org.cts.oneframework.configprovider.ConfigProvider - Reading configuration from properties file--> [appiumServerURL:http://0.0.0.0:4729/wd/hub]
18-10-19T17:05:29.246 [main] DEBUG org.cts.oneframework.configprovider.ConfigProvider - Reading configuration from properties file--> [KlovReport:false]
18-10-19T17:05:29.878 [main] DEBUG org.cts.oneframework.configprovider.ConfigProvider - Reading configuration from properties file--> [browser:chrome]
18-10-19T17:05:29.881 [main] WARN  org.cts.oneframework.configprovider.ConfigProvider - Not able to read value from properties file-->[SeleniumGrid:null]
18-10-19T17:05:29.886 [main] DEBUG org.cts.oneframework.configprovider.ConfigProvider - Reading configuration from properties file--> [PLATFORM_NAME:IOS]
18-10-19T17:05:29.887 [main] DEBUG org.cts.oneframework.configprovider.ConfigProvider - Reading configuration from properties file--> [DEVICE_NAME:iPhone X]
18-10-19T17:05:29.887 [main] DEBUG org.cts.oneframework.configprovider.ConfigProvider - Reading configuration from properties file--> [PLATFORM_VERSION:11.1]
18-10-19T17:05:29.900 [main] DEBUG org.cts.oneframework.configprovider.ConfigProvider - Reading configuration from properties file--> [appiumServerURL:http://0.0.0.0:4729/wd/hub]
18-10-19T17:12:17.677 [main] DEBUG org.cts.oneframework.configprovider.ConfigProvider - Reading configuration from properties file--> [KlovReport:false]
18-10-19T17:12:18.435 [main] DEBUG org.cts.oneframework.configprovider.ConfigProvider - Reading configuration from properties file--> [browser:chrome]
18-10-19T17:12:18.438 [main] WARN  org.cts.oneframework.configprovider.ConfigProvider - Not able to read value from properties file-->[SeleniumGrid:null]
18-10-19T17:12:18.445 [main] DEBUG org.cts.oneframework.configprovider.ConfigProvider - Reading configuration from properties file--> [PLATFORM_NAME:IOS]
18-10-19T17:12:18.445 [main] DEBUG org.cts.oneframework.configprovider.ConfigProvider - Reading configuration from properties file--> [DEVICE_NAME:iPhone X]
18-10-19T17:12:18.446 [main] DEBUG org.cts.oneframework.configprovider.ConfigProvider - Reading configuration from properties file--> [PLATFORM_VERSION:11.1]
18-10-19T17:12:18.466 [main] DEBUG org.cts.oneframework.configprovider.ConfigProvider - Reading configuration from properties file--> [appiumServerURL:http://0.0.0.0:4729/wd/hub]
18-10-19T17:13:41.480 [main] DEBUG org.cts.oneframework.configprovider.ConfigProvider - Reading configuration from properties file--> [KlovReport:false]
18-10-19T17:13:42.208 [main] DEBUG org.cts.oneframework.configprovider.ConfigProvider - Reading configuration from properties file--> [browser:chrome]
18-10-19T17:13:42.211 [main] WARN  org.cts.oneframework.configprovider.ConfigProvider - Not able to read value from properties file-->[SeleniumGrid:null]
18-10-19T17:13:42.217 [main] DEBUG org.cts.oneframework.configprovider.ConfigProvider - Reading configuration from properties file--> [PLATFORM_NAME:IOS]
18-10-19T17:13:42.218 [main] DEBUG org.cts.oneframework.configprovider.ConfigProvider - Reading configuration from properties file--> [DEVICE_NAME:iPhone X]
18-10-19T17:13:42.218 [main] DEBUG org.cts.oneframework.configprovider.ConfigProvider - Reading configuration from properties file--> [PLATFORM_VERSION:11.1]
18-10-19T17:13:42.229 [main] DEBUG org.cts.oneframework.configprovider.ConfigProvider - Reading configuration from properties file--> [appiumServerURL:http://0.0.0.0:4729/wd/hub]
18-10-19T17:22:03.729 [main] DEBUG org.cts.oneframework.configprovider.ConfigProvider - Reading configuration from properties file--> [KlovReport:false]
18-10-19T17:22:04.474 [main] DEBUG org.cts.oneframework.configprovider.ConfigProvider - Reading configuration from properties file--> [browser:chrome]
18-10-19T17:22:04.477 [main] WARN  org.cts.oneframework.configprovider.ConfigProvider - Not able to read value from properties file-->[SeleniumGrid:null]
18-10-19T17:22:04.484 [main] DEBUG org.cts.oneframework.configprovider.ConfigProvider - Reading configuration from properties file--> [PLATFORM_NAME:IOS]
18-10-19T17:22:04.484 [main] DEBUG org.cts.oneframework.configprovider.ConfigProvider - Reading configuration from properties file--> [DEVICE_NAME:iPhone X]
18-10-19T17:22:04.485 [main] DEBUG org.cts.oneframework.configprovider.ConfigProvider - Reading configuration from properties file--> [PLATFORM_VERSION:11.1]
18-10-19T17:22:04.505 [main] DEBUG org.cts.oneframework.configprovider.ConfigProvider - Reading configuration from properties file--> [appiumServerURL:http://0.0.0.0:4729/wd/hub]
19-10-19T15:55:07.091 [main] DEBUG org.cts.oneframework.configprovider.ConfigProvider - Reading configuration from properties file--> [KlovReport:false]
19-10-19T15:55:07.820 [main] DEBUG org.cts.oneframework.configprovider.ConfigProvider - Reading configuration from properties file--> [browser:chrome]
19-10-19T15:55:07.822 [main] WARN  org.cts.oneframework.configprovider.ConfigProvider - Not able to read value from properties file-->[SeleniumGrid:null]
19-10-19T15:55:07.829 [main] DEBUG org.cts.oneframework.configprovider.ConfigProvider - Reading configuration from properties file--> [PLATFORM_NAME:IOS]
19-10-19T15:55:07.829 [main] DEBUG org.cts.oneframework.configprovider.ConfigProvider - Reading configuration from properties file--> [DEVICE_NAME:iPhone X]
19-10-19T15:55:07.830 [main] DEBUG org.cts.oneframework.configprovider.ConfigProvider - Reading configuration from properties file--> [PLATFORM_VERSION:11.1]
19-10-19T15:55:07.848 [main] DEBUG org.cts.oneframework.configprovider.ConfigProvider - Reading configuration from properties file--> [appiumServerURL:http://0.0.0.0:4729/wd/hub]
19-10-19T15:57:07.674 [main] DEBUG org.cts.oneframework.configprovider.ConfigProvider - Reading configuration from properties file--> [KlovReport:false]
19-10-19T15:57:08.259 [main] DEBUG org.cts.oneframework.configprovider.ConfigProvider - Reading configuration from properties file--> [browser:chrome]
19-10-19T15:57:08.262 [main] WARN  org.cts.oneframework.configprovider.ConfigProvider - Not able to read value from properties file-->[SeleniumGrid:null]
19-10-19T15:57:08.267 [main] DEBUG org.cts.oneframework.configprovider.ConfigProvider - Reading configuration from properties file--> [PLATFORM_NAME:IOS]
19-10-19T15:57:08.268 [main] DEBUG org.cts.oneframework.configprovider.ConfigProvider - Reading configuration from properties file--> [DEVICE_NAME:iPhone X]
19-10-19T15:57:08.269 [main] DEBUG org.cts.oneframework.configprovider.ConfigProvider - Reading configuration from properties file--> [PLATFORM_VERSION:11.1]
19-10-19T15:57:08.279 [main] DEBUG org.cts.oneframework.configprovider.ConfigProvider - Reading configuration from properties file--> [appiumServerURL:http://0.0.0.0:4729/wd/hub]
19-10-19T19:56:19.466 [main] DEBUG org.cts.oneframework.configprovider.ConfigProvider - Reading configuration from properties file--> [KlovReport:false]
19-10-19T19:56:20.211 [main] DEBUG org.cts.oneframework.configprovider.ConfigProvider - Reading configuration from properties file--> [browser:chrome]
19-10-19T19:56:20.214 [main] WARN  org.cts.oneframework.configprovider.ConfigProvider - Not able to read value from properties file-->[SeleniumGrid:null]
19-10-19T19:56:20.220 [main] DEBUG org.cts.oneframework.configprovider.ConfigProvider - Reading configuration from properties file--> [PLATFORM_NAME:IOS]
19-10-19T19:56:20.221 [main] DEBUG org.cts.oneframework.configprovider.ConfigProvider - Reading configuration from properties file--> [DEVICE_NAME:iPhone X]
19-10-19T19:56:20.221 [main] DEBUG org.cts.oneframework.configprovider.ConfigProvider - Reading configuration from properties file--> [PLATFORM_VERSION:11.1]
19-10-19T19:56:20.243 [main] DEBUG org.cts.oneframework.configprovider.ConfigProvider - Reading configuration from properties file--> [appiumServerURL:http://0.0.0.0:4729/wd/hub]
19-10-19T19:56:42.415 [main] DEBUG org.cts.oneframework.configprovider.ConfigProvider - Reading configuration from properties file--> [url:https://www.redbus.in/]
19-10-19T19:56:45.482 [main] DEBUG org.cts.oneframework.configprovider.ConfigProvider - Reading configuration from properties file--> [url:https://www.redbus.in/]
19-10-19T19:57:49.760 [main] INFO  org.cts.oneframework.listeners.TestListener - runScenario passed successfully!!
04-11-19T14:18:46.676 [main] DEBUG org.cts.oneframework.configprovider.ConfigProvider - Reading configuration from properties file--> [KlovReport:false]
04-11-19T14:18:47.428 [main] DEBUG org.cts.oneframework.configprovider.ConfigProvider - Reading configuration from properties file--> [browser:chrome]
04-11-19T14:18:47.435 [main] WARN  org.cts.oneframework.configprovider.ConfigProvider - Not able to read value from properties file-->[SeleniumGrid:null]
04-11-19T14:18:47.442 [main] DEBUG org.cts.oneframework.configprovider.ConfigProvider - Reading configuration from properties file--> [PLATFORM_NAME:IOS]
04-11-19T14:18:47.442 [main] DEBUG org.cts.oneframework.configprovider.ConfigProvider - Reading configuration from properties file--> [DEVICE_NAME:iPhone X]
04-11-19T14:18:47.443 [main] DEBUG org.cts.oneframework.configprovider.ConfigProvider - Reading configuration from properties file--> [PLATFORM_VERSION:11.1]
04-11-19T14:18:47.453 [main] DEBUG org.cts.oneframework.configprovider.ConfigProvider - Reading configuration from properties file--> [appiumServerURL:http://0.0.0.0:4723/wd/hub]
04-11-19T14:18:54.135 [main] DEBUG org.cts.oneframework.configprovider.ConfigProvider - Reading configuration from properties file--> [url:https://www.redbus.in/]
04-11-19T14:18:56.394 [main] DEBUG org.cts.oneframework.configprovider.ConfigProvider - Reading configuration from properties file--> [url:https://www.redbus.in/]
04-11-19T14:20:07.813 [main] DEBUG org.cts.oneframework.configprovider.ConfigProvider - Reading configuration from properties file--> [KlovReport:false]
04-11-19T14:20:08.381 [main] DEBUG org.cts.oneframework.configprovider.ConfigProvider - Reading configuration from properties file--> [browser:chrome]
04-11-19T14:20:08.387 [main] WARN  org.cts.oneframework.configprovider.ConfigProvider - Not able to read value from properties file-->[SeleniumGrid:null]
04-11-19T14:20:08.392 [main] DEBUG org.cts.oneframework.configprovider.ConfigProvider - Reading configuration from properties file--> [PLATFORM_NAME:IOS]
04-11-19T14:20:08.392 [main] DEBUG org.cts.oneframework.configprovider.ConfigProvider - Reading configuration from properties file--> [DEVICE_NAME:iPhone X]
04-11-19T14:20:08.392 [main] DEBUG org.cts.oneframework.configprovider.ConfigProvider - Reading configuration from properties file--> [PLATFORM_VERSION:11.1]
04-11-19T14:20:08.403 [main] DEBUG org.cts.oneframework.configprovider.ConfigProvider - Reading configuration from properties file--> [appiumServerURL:http://0.0.0.0:4723/wd/hub]
04-11-19T14:21:37.977 [main] DEBUG org.cts.oneframework.configprovider.ConfigProvider - Reading configuration from properties file--> [url:https://www.redbus.in/]
04-11-19T14:21:40.190 [main] DEBUG org.cts.oneframework.configprovider.ConfigProvider - Reading configuration from properties file--> [url:https://www.redbus.in/]
04-11-19T14:22:42.947 [main] WARN  org.cts.oneframework.listeners.TestListener - runScenario failed.
04-11-19T14:24:55.469 [main] DEBUG org.cts.oneframework.configprovider.ConfigProvider - Reading configuration from properties file--> [KlovReport:false]
04-11-19T14:24:56.242 [main] DEBUG org.cts.oneframework.configprovider.ConfigProvider - Reading configuration from properties file--> [browser:chrome]
04-11-19T14:24:56.248 [main] WARN  org.cts.oneframework.configprovider.ConfigProvider - Not able to read value from properties file-->[SeleniumGrid:null]
04-11-19T14:24:56.255 [main] DEBUG org.cts.oneframework.configprovider.ConfigProvider - Reading configuration from properties file--> [PLATFORM_NAME:IOS]
04-11-19T14:24:56.255 [main] DEBUG org.cts.oneframework.configprovider.ConfigProvider - Reading configuration from properties file--> [DEVICE_NAME:iPhone X]
04-11-19T14:24:56.256 [main] DEBUG org.cts.oneframework.configprovider.ConfigProvider - Reading configuration from properties file--> [PLATFORM_VERSION:11.1]
04-11-19T14:24:56.276 [main] DEBUG org.cts.oneframework.configprovider.ConfigProvider - Reading configuration from properties file--> [appiumServerURL:http://0.0.0.0:4723/wd/hub]
04-11-19T14:25:02.567 [main] DEBUG org.cts.oneframework.configprovider.ConfigProvider - Reading configuration from properties file--> [url:https://www.redbus.in/]
04-11-19T14:25:07.451 [main] DEBUG org.cts.oneframework.configprovider.ConfigProvider - Reading configuration from properties file--> [url:https://www.redbus.in/]
04-11-19T14:36:09.729 [main] DEBUG org.cts.oneframework.configprovider.ConfigProvider - Reading configuration from properties file--> [KlovReport:false]
04-11-19T14:36:10.532 [main] DEBUG org.cts.oneframework.configprovider.ConfigProvider - Reading configuration from properties file--> [browser:chrome]
04-11-19T14:36:10.540 [main] WARN  org.cts.oneframework.configprovider.ConfigProvider - Not able to read value from properties file-->[SeleniumGrid:null]
04-11-19T14:36:10.548 [main] DEBUG org.cts.oneframework.configprovider.ConfigProvider - Reading configuration from properties file--> [PLATFORM_NAME:IOS]
04-11-19T14:36:10.548 [main] DEBUG org.cts.oneframework.configprovider.ConfigProvider - Reading configuration from properties file--> [DEVICE_NAME:iPhone X]
04-11-19T14:36:10.549 [main] DEBUG org.cts.oneframework.configprovider.ConfigProvider - Reading configuration from properties file--> [PLATFORM_VERSION:11.1]
04-11-19T14:36:10.561 [main] DEBUG org.cts.oneframework.configprovider.ConfigProvider - Reading configuration from properties file--> [appiumServerURL:http://0.0.0.0:4723/wd/hub]
04-11-19T14:36:34.427 [main] DEBUG org.cts.oneframework.configprovider.ConfigProvider - Reading configuration from properties file--> [url:https://www.redbus.in/]
04-11-19T14:36:36.611 [main] DEBUG org.cts.oneframework.configprovider.ConfigProvider - Reading configuration from properties file--> [url:https://www.redbus.in/]
